Arguments: 
  /Users/tj/.nvm/versions/node/v8.11.4/bin/node /usr/local/Cellar/yarn/1.12.3/libexec/bin/yarn.js add airbnb-base --dev

PATH: 
  /Users/tj/.rvm/gems/ruby-2.3.7/bin:/Users/tj/.rvm/gems/ruby-2.3.7@global/bin:/Users/tj/.rvm/rubies/ruby-2.3.7/bin:/Users/tj/.nvm/versions/node/v8.11.4/bin:/Users/tj/.composer/vendor/bin:/Users/tj/.npm-global/bin:/usr/local/opt/imagemagick@6/bin:/usr/local/opt/mysql@5.7/bin:/usr/local/bin:/usr/bin:/bin:/usr/sbin:/sbin:/Applications/Postgres.app/Contents/Versions/latest/bin:/Users/tj/.rvm/bin

Yarn version: 
  1.12.3

Node version: 
  8.11.4

Platform: 
  darwin x64

Trace: 
  Error: https://registry.yarnpkg.com/airbnb-base: Not found
      at Request.params.callback [as _callback] (/usr/local/Cellar/yarn/1.12.3/libexec/lib/cli.js:65894:18)
      at Request.self.callback (/usr/local/Cellar/yarn/1.12.3/libexec/lib/cli.js:129018:22)
      at emitTwo (events.js:126:13)
      at Request.emit (events.js:214:7)
      at Request.<anonymous> (/usr/local/Cellar/yarn/1.12.3/libexec/lib/cli.js:129990:10)
      at emitOne (events.js:116:13)
      at Request.emit (events.js:211:7)
      at IncomingMessage.<anonymous> (/usr/local/Cellar/yarn/1.12.3/libexec/lib/cli.js:129912:12)
      at Object.onceWrapper (events.js:313:30)
      at emitNone (events.js:111:20)

npm manifest: 
  No manifest

yarn manifest: 
  No manifest

Lockfile: 
  No lockfile
